Determining if the pthread_create exist failed with the following output:
Change Dir: /home/adattalo/Downloads/compute shader/build/CMakeFiles/CMakeTmp

Run Build Command:/bin/gmake "cmTryCompileExec2459181824/fast"
/bin/gmake -f CMakeFiles/cmTryCompileExec2459181824.dir/build.make CMakeFiles/cmTryCompileExec2459181824.dir/build
gmake[1]: Entering directory `/home/adattalo/Downloads/compute shader/build/CMakeFiles/CMakeTmp'
/usr/bin/cmake -E cmake_progress_report "/home/adattalo/Downloads/compute shader/build/CMakeFiles/CMakeTmp/CMakeFiles" 1
Building C object CMakeFiles/cmTryCompileExec2459181824.dir/CheckSymbolExists.c.o
/bin/cc    -o CMakeFiles/cmTryCompileExec2459181824.dir/CheckSymbolExists.c.o   -c "/home/adattalo/Downloads/compute shader/build/CMakeFiles/CMakeTmp/CheckSymbolExists.c"
Linking C executable cmTryCompileExec2459181824
/usr/bin/cmake -E cmake_link_script CMakeFiles/cmTryCompileExec2459181824.dir/link.txt --verbose=1
/bin/cc       CMakeFiles/cmTryCompileExec2459181824.dir/CheckSymbolExists.c.o  -o cmTryCompileExec2459181824 -rdynamic 
CMakeFiles/cmTryCompileExec2459181824.dir/CheckSymbolExists.c.o: In function `main':
CheckSymbolExists.c:(.text+0x16): undefined reference to `pthread_create'
collect2: error: ld returned 1 exit status
gmake[1]: *** [cmTryCompileExec2459181824] Error 1
gmake[1]: Leaving directory `/home/adattalo/Downloads/compute shader/build/CMakeFiles/CMakeTmp'
gmake: *** [cmTryCompileExec2459181824/fast] Error 2

File /home/adattalo/Downloads/compute shader/build/CMakeFiles/CMakeTmp/CheckSymbolExists.c:
/* */
#include <pthread.h>

int main(int argc, char** argv)
{
  (void)argv;
#ifndef pthread_create
  return ((int*)(&pthread_create))[argc];
#else
  (void)argc;
  return 0;
#endif
}

Determining if the function pthread_create exists in the pthreads failed with the following output:
Change Dir: /home/adattalo/Downloads/compute shader/build/CMakeFiles/CMakeTmp

Run Build Command:/bin/gmake "cmTryCompileExec1195936827/fast"
/bin/gmake -f CMakeFiles/cmTryCompileExec1195936827.dir/build.make CMakeFiles/cmTryCompileExec1195936827.dir/build
gmake[1]: Entering directory `/home/adattalo/Downloads/compute shader/build/CMakeFiles/CMakeTmp'
/usr/bin/cmake -E cmake_progress_report "/home/adattalo/Downloads/compute shader/build/CMakeFiles/CMakeTmp/CMakeFiles" 1
Building C object CMakeFiles/cmTryCompileExec1195936827.dir/CheckFunctionExists.c.o
/bin/cc   -DCHECK_FUNCTION_EXISTS=pthread_create   -o CMakeFiles/cmTryCompileExec1195936827.dir/CheckFunctionExists.c.o   -c /usr/share/cmake/Modules/CheckFunctionExists.c
Linking C executable cmTryCompileExec1195936827
/usr/bin/cmake -E cmake_link_script CMakeFiles/cmTryCompileExec1195936827.dir/link.txt --verbose=1
/bin/cc   -DCHECK_FUNCTION_EXISTS=pthread_create    CMakeFiles/cmTryCompileExec1195936827.dir/CheckFunctionExists.c.o  -o cmTryCompileExec1195936827 -rdynamic -lpthreads 
/bin/ld: cannot find -lpthreads
collect2: error: ld returned 1 exit status
gmake[1]: *** [cmTryCompileExec1195936827] Error 1
gmake[1]: Leaving directory `/home/adattalo/Downloads/compute shader/build/CMakeFiles/CMakeTmp'
gmake: *** [cmTryCompileExec1195936827/fast] Error 2


